0 info it worked if it ends with ok
1 verbose cli [ 'node', '/usr/local/bin/npm', 'update', '-g', 'nodemon' ]
2 info using npm@2.5.1
3 info using node@v0.12.1
4 silly mapToRegistry name nodemon
5 silly mapToRegistry using default registry
6 silly mapToRegistry registry https://registry.npmjs.org/
7 silly mapToRegistry uri https://registry.npmjs.org/nodemon
8 verbose request uri https://registry.npmjs.org/nodemon
9 verbose request no auth needed
10 info attempt registry request try #1 at 3:33:23 PM
11 verbose request id b3f7955f2712286d
12 verbose etag "3WTAQGK63BJ469VQUHMIOLF8H"
13 http request GET https://registry.npmjs.org/nodemon
14 http 304 https://registry.npmjs.org/nodemon
15 silly get cb [ 304,
15 silly get   { date: 'Wed, 29 Jul 2015 14:33:23 GMT',
15 silly get     via: '1.1 varnish',
15 silly get     'cache-control': 'max-age=60',
15 silly get     etag: '"3WTAQGK63BJ469VQUHMIOLF8H"',
15 silly get     age: '14',
15 silly get     connection: 'keep-alive',
15 silly get     'x-served-by': 'cache-ams4145-AMS',
15 silly get     'x-cache': 'HIT',
15 silly get     'x-cache-hits': '1',
15 silly get     'x-timer': 'S1438180403.360467,VS0,VE0',
15 silly get     vary: 'Accept' } ]
16 verbose etag https://registry.npmjs.org/nodemon from cache
17 verbose get saving nodemon to /Users/Hassan1/.npm/registry.npmjs.org/nodemon/.cache.json
18 info outdated updating [ [ '/usr/local/lib', 'nodemon', '1.3.7', '1.4.0', '1.4.0', 'latest' ] ]
19 verbose install where, what [ '/usr/local/lib', [ 'nodemon@1.4.0' ] ]
20 silly cache add args [ 'nodemon@1.4.0', null ]
21 verbose cache add spec nodemon@1.4.0
22 silly cache add parsed spec { raw: 'nodemon@1.4.0',
22 silly cache add   scope: null,
22 silly cache add   name: 'nodemon',
22 silly cache add   rawSpec: '1.4.0',
22 silly cache add   spec: '1.4.0',
22 silly cache add   type: 'version' }
23 verbose addNamed nodemon@1.4.0
24 silly addNamed semver.valid 1.4.0
25 silly addNamed semver.validRange 1.4.0
26 silly mapToRegistry name nodemon
27 silly mapToRegistry using default registry
28 silly mapToRegistry registry https://registry.npmjs.org/
29 silly mapToRegistry uri https://registry.npmjs.org/nodemon
30 verbose addNameVersion registry:https://registry.npmjs.org/nodemon not in flight; fetching
31 verbose get https://registry.npmjs.org/nodemon not expired, no request
32 silly cache afterAdd nodemon@1.4.0
33 verbose afterAdd /Users/Hassan1/.npm/nodemon/1.4.0/package/package.json not in flight; writing
34 verbose afterAdd /Users/Hassan1/.npm/nodemon/1.4.0/package/package.json written
35 silly install resolved [ { name: 'nodemon',
35 silly install resolved     homepage: 'http://nodemon.io',
35 silly install resolved     author: { name: 'Remy Sharp', url: 'http://github.com/remy' },
35 silly install resolved     bin: { nodemon: './bin/nodemon.js' },
35 silly install resolved     engines: { node: '>=0.8' },
35 silly install resolved     repository:
35 silly install resolved      { type: 'git',
35 silly install resolved        url: 'git+ssh://git@github.com/remy/nodemon.git' },
35 silly install resolved     description: 'Simple monitor script for use during development of a node.js app.',
35 silly install resolved     keywords:
35 silly install resolved      [ 'monitor',
35 silly install resolved        'development',
35 silly install resolved        'restart',
35 silly install resolved        'autoload',
35 silly install resolved        'reload',
35 silly install resolved        'terminal' ],
35 silly install resolved     version: '1.4.0',
35 silly install resolved     preferGlobal: 'true',
35 silly install resolved     license: 'MIT',
35 silly install resolved     main: './lib/nodemon',
35 silly install resolved     scripts:
35 silly install resolved      { coverage: 'istanbul cover _mocha -- --timeout 30000 --ui bdd --reporter list test/**/*.test.js',
35 silly install resolved        ':test': 'mocha --timeout 30000 --ui bdd test/**/*.test.js',
35 silly install resolved        test: 'for FILE in test/**/*.test.js; do echo $FILE; ./node_modules/.bin/mocha --timeout 30000 $FILE; if [ $? -ne 0 ]; then exit 1; fi; sleep 1; done',
35 silly install resolved        web: 'node web' },
35 silly install resolved     devDependencies:
35 silly install resolved      { 'coffee-script': '~1.7.1',
35 silly install resolved        connect: '~2.19.1',
35 silly install resolved        istanbul: '~0.2.10',
35 silly install resolved        mocha: '^2.0.1',
35 silly install resolved        should: '~4.0.0' },
35 silly install resolved     dependencies:
35 silly install resolved      { minimatch: '~0.3.0',
35 silly install resolved        'ps-tree': '~0.0.3',
35 silly install resolved        touch: '~0.0.3',
35 silly install resolved        'update-notifier': '^0.3.0' },
35 silly install resolved     gitHead: '6152786ba2254eb7e3d1936f3b42bab3b159bcaf',
35 silly install resolved     bugs: { url: 'https://github.com/remy/nodemon/issues' },
35 silly install resolved     _id: 'nodemon@1.4.0',
35 silly install resolved     _shasum: 'f566146245c82910a4e7d051c10afe0535e9394c',
35 silly install resolved     _from: 'nodemon@1.4.0',
35 silly install resolved     _npmVersion: '2.13.1',
35 silly install resolved     _nodeVersion: '0.10.38',
35 silly install resolved     _npmUser: { name: 'remy', email: 'remy@leftlogic.com' },
35 silly install resolved     dist:
35 silly install resolved      { shasum: 'f566146245c82910a4e7d051c10afe0535e9394c',
35 silly install resolved        tarball: 'http://registry.npmjs.org/nodemon/-/nodemon-1.4.0.tgz' },
35 silly install resolved     maintainers: [ [Object] ],
35 silly install resolved     directories: {},
35 silly install resolved     _resolved: 'https://registry.npmjs.org/nodemon/-/nodemon-1.4.0.tgz',
35 silly install resolved     readme: 'ERROR: No README data found!' } ]
36 info install nodemon@1.4.0 into /usr/local/lib
37 info installOne nodemon@1.4.0
38 verbose installOne of nodemon to /usr/local/lib not in flight; installing
39 verbose lock using /Users/Hassan1/.npm/_locks/nodemon-49f7ed19e778991e.lock for /usr/local/lib/node_modules/nodemon
40 silly install write writing nodemon 1.4.0 to /usr/local/lib/node_modules/nodemon
41 silly cache addNamed cb nodemon@1.4.0
42 verbose unbuild lib/node_modules/nodemon
43 info preuninstall nodemon@1.3.7
44 info uninstall nodemon@1.3.7
45 verbose unbuild rmStuff nodemon@1.3.7 from /usr/local/lib/node_modules
46 verbose gentlyRm verifying that /usr/local is managed by npm
47 silly isManaged /usr/local is not inside /usr/local/lib/node_modules
48 silly isManaged /usr/local is not inside /usr/local/lib/node_modules
49 silly isManaged /usr/local/bin is inside /usr/local
50 silly gentlyRm /usr/local is managed by npm
51 silly gentlyRm /usr/local/bin/nodemon is under /usr/local
52 verbose gentlyRm vacuuming /usr/local/bin/nodemon up to /usr/local
53 info postuninstall nodemon@1.3.7
54 verbose gentlyRm vacuuming /usr/local/lib/node_modules/nodemon
55 silly gentlyRm purging /usr/local/lib/node_modules/nodemon
56 verbose unlock done using /Users/Hassan1/.npm/_locks/nodemon-49f7ed19e778991e.lock for /usr/local/lib/node_modules/nodemon
57 verbose stack Error: EACCES, unlink '/usr/local/lib/node_modules/nodemon'
57 verbose stack     at Error (native)
58 verbose cwd /Users/Hassan1/Desktop/GA/WDI_LDN_12_HOMEWORK/Hassanmir92/w6_d5/hackathon
59 error Darwin 14.1.0
60 error argv "node" "/usr/local/bin/npm" "update" "-g" "nodemon"
61 error node v0.12.1
62 error npm  v2.5.1
63 error path /usr/local/lib/node_modules/nodemon
64 error code EACCES
65 error errno -13
66 error Error: EACCES, unlink '/usr/local/lib/node_modules/nodemon'
66 error     at Error (native)
66 error  { [Error: EACCES, unlink '/usr/local/lib/node_modules/nodemon']
66 error   errno: -13,
66 error   code: 'EACCES',
66 error   path: '/usr/local/lib/node_modules/nodemon' }
67 error Please try running this command again as root/Administrator.
68 verbose exit [ -13, true ]
69 verbose unbuild lib/node_modules/nodemon
70 info preuninstall nodemon@1.3.7
71 info uninstall nodemon@1.3.7
72 verbose unbuild rmStuff nodemon@1.3.7 from /usr/local/lib/node_modules
73 verbose gentlyRm verifying that /usr/local is managed by npm
74 silly isManaged /usr/local is not inside /usr/local/lib/node_modules
75 silly isManaged /usr/local is not inside /usr/local/lib/node_modules
76 silly isManaged /usr/local is not inside /usr/local/bin
77 silly isManaged /usr/local is inside /usr/local
78 silly gentlyRm /usr/local is managed by npm
79 silly gentlyRm /usr/local/bin/nodemon is under /usr/local
80 verbose gentlyRm vacuuming /usr/local/bin/nodemon up to /usr/local
81 info postuninstall nodemon@1.3.7
82 verbose gentlyRm vacuuming /usr/local/lib/node_modules/nodemon
83 silly gentlyRm purging /usr/local/lib/node_modules/nodemon
84 error error rolling back Error: EACCES, unlink '/usr/local/lib/node_modules/nodemon'
84 error error rolling back     at Error (native)
84 error error rolling back  { [Error: EACCES, unlink '/usr/local/lib/node_modules/nodemon']
84 error error rolling back   errno: -13,
84 error error rolling back   code: 'EACCES',
84 error error rolling back   path: '/usr/local/lib/node_modules/nodemon' }
